1495126091511	geckodriver	INFO	Listening on 127.0.0.1:60349
1495126092554	mozprofile::profile	INFO	Using profile path /var/folders/df/5vgx9hf97nb5rvrq58v36q_h0000gn/T/rust_mozprofile.MlXEMkFyQwbD
1495126092555	geckodriver::marionette	INFO	Starting browser /Applications/Firefox.app/Contents/MacOS/firefox-bin
1495126092558	geckodriver::marionette	INFO	Connecting to Marionette on localhost:60358
1495126094343	Marionette	INFO	Listening on port 60358
2017-05-19 00:48:14.760 plugin-container[12499:505472] *** CFMessagePort: bootstrap_register(): failed 1100 (0x44c) 'Permission denied', port = 0x9c3b, name = 'com.apple.tsm.portname'
See /usr/include/servers/bootstrap_defs.h for the error codes.
2017-05-19 00:48:14.762 plugin-container[12499:505472] *** CFMessagePort: bootstrap_register(): failed 1100 (0x44c) 'Permission denied', port = 0x9f03, name = 'com.apple.CFPasteboardClient'
See /usr/include/servers/bootstrap_defs.h for the error codes.
*************************
A coding exception was thrown and uncaught in a Task.

Full message: TypeError: NetworkError when attempting to fetch resource.
Full stack: 
*************************
1495154324646	geckodriver	INFO	Listening on 127.0.0.1:61140
1495154325700	mozprofile::profile	INFO	Using profile path /var/folders/df/5vgx9hf97nb5rvrq58v36q_h0000gn/T/rust_mozprofile.f381sinuzYie
1495154325701	geckodriver::marionette	INFO	Starting browser /Applications/Firefox.app/Contents/MacOS/firefox-bin
1495154325704	geckodriver::marionette	INFO	Connecting to Marionette on localhost:61150
1495154327597	Marionette	INFO	Listening on port 61150
2017-05-19 08:38:48.021 plugin-container[13249:533042] *** CFMessagePort: bootstrap_register(): failed 1100 (0x44c) 'Permission denied', port = 0x9e3b, name = 'com.apple.tsm.portname'
See /usr/include/servers/bootstrap_defs.h for the error codes.
2017-05-19 08:38:48.023 plugin-container[13249:533042] *** CFMessagePort: bootstrap_register(): failed 1100 (0x44c) 'Permission denied', port = 0xa103, name = 'com.apple.CFPasteboardClient'
See /usr/include/servers/bootstrap_defs.h for the error codes.
1495154328165	Marionette	INFO	New connections will no longer be accepted
1495154568814	geckodriver	INFO	Listening on 127.0.0.1:61356
1495154569867	mozprofile::profile	INFO	Using profile path /var/folders/df/5vgx9hf97nb5rvrq58v36q_h0000gn/T/rust_mozprofile.njlbm8FUOA0S
1495154569868	geckodriver::marionette	INFO	Starting browser /Applications/Firefox.app/Contents/MacOS/firefox-bin
1495154569870	geckodriver::marionette	INFO	Connecting to Marionette on localhost:61366
1495154571454	Marionette	INFO	Listening on port 61366
1495154571894	Marionette	INFO	New connections will no longer be accepted
2017-05-19 08:42:51.924 plugin-container[13355:537453] *** CFMessagePort: bootstrap_register(): failed 1100 (0x44c) 'Permission denied', port = 0x9d3b, name = 'com.apple.tsm.portname'
See /usr/include/servers/bootstrap_defs.h for the error codes.
2017-05-19 08:42:51.928 plugin-container[13355:537453] *** CFMessagePort: bootstrap_register(): failed 1100 (0x44c) 'Permission denied', port = 0xa003, name = 'com.apple.CFPasteboardClient'
See /usr/include/servers/bootstrap_defs.h for the error codes.
1495154830519	geckodriver	INFO	Listening on 127.0.0.1:61447
1495154831564	mozprofile::profile	INFO	Using profile path /var/folders/df/5vgx9hf97nb5rvrq58v36q_h0000gn/T/rust_mozprofile.gbNxQw1z8llU
1495154831565	geckodriver::marionette	INFO	Starting browser /Applications/Firefox.app/Contents/MacOS/firefox-bin
1495154831567	geckodriver::marionette	INFO	Connecting to Marionette on localhost:61456
1495154833168	Marionette	INFO	Listening on port 61456
2017-05-19 08:47:13.540 plugin-container[13422:542282] *** CFMessagePort: bootstrap_register(): failed 1100 (0x44c) 'Permission denied', port = 0x9c3b, name = 'com.apple.tsm.portname'
See /usr/include/servers/bootstrap_defs.h for the error codes.
2017-05-19 08:47:13.542 plugin-container[13422:542282] *** CFMessagePort: bootstrap_register(): failed 1100 (0x44c) 'Permission denied', port = 0x9f03, name = 'com.apple.CFPasteboardClient'
See /usr/include/servers/bootstrap_defs.h for the error codes.
1495154833611	Marionette	INFO	New connections will no longer be accepted
2017-05-19 11:57:38.095 plugin-container[16331:773786] *** CFMessagePort: bootstrap_register(): failed 1100 (0x44c) 'Permission denied', port = 0x9c3b, name = 'com.apple.tsm.portname'
See /usr/include/servers/bootstrap_defs.h for the error codes.
2017-05-19 11:57:38.100 plugin-container[16331:773786] *** CFMessagePort: bootstrap_register(): failed 1100 (0x44c) 'Permission denied', port = 0x9f03, name = 'com.apple.CFPasteboardClient'
See /usr/include/servers/bootstrap_defs.h for the error codes.
1496238305347	geckodriver	INFO	Listening on 127.0.0.1:58874
1496238306416	mozprofile::profile	INFO	Using profile path /var/folders/df/5vgx9hf97nb5rvrq58v36q_h0000gn/T/rust_mozprofile.CeSOm8enkAdQ
1496238306417	geckodriver::marionette	INFO	Starting browser /Applications/Firefox.app/Contents/MacOS/firefox-bin
1496238306448	geckodriver::marionette	INFO	Connecting to Marionette on localhost:58883
1496238309006	Marionette	INFO	Listening on port 58883
1496238309475	Marionette	INFO	New connections will no longer be accepted
2017-05-31 21:45:09.524 plugin-container[63420:2980482] *** CFMessagePort: bootstrap_register(): failed 1100 (0x44c) 'Permission denied', port = 0x9c3b, name = 'com.apple.tsm.portname'
See /usr/include/servers/bootstrap_defs.h for the error codes.
2017-05-31 21:45:09.526 plugin-container[63420:2980482] *** CFMessagePort: bootstrap_register(): failed 1100 (0x44c) 'Permission denied', port = 0x9f03, name = 'com.apple.CFPasteboardClient'
See /usr/include/servers/bootstrap_defs.h for the error codes.
console.error: 
  Could not write session state file 
  Message: Unix error 2 during operation makeDir on file /var/folders/df/5vgx9hf97nb5rvrq58v36q_h0000gn/T/rust_mozprofile.CeSOm8enkAdQ/sessionstore-backups (No such file or directory)
  
1496238401173	geckodriver	INFO	Listening on 127.0.0.1:58959
1496238402218	mozprofile::profile	INFO	Using profile path /var/folders/df/5vgx9hf97nb5rvrq58v36q_h0000gn/T/rust_mozprofile.VDzvpBur1Qfq
1496238402219	geckodriver::marionette	INFO	Starting browser /Applications/Firefox.app/Contents/MacOS/firefox-bin
1496238402221	geckodriver::marionette	INFO	Connecting to Marionette on localhost:58968
1496238403841	Marionette	INFO	Listening on port 58968
2017-05-31 21:46:44.229 plugin-container[63596:2982578] *** CFMessagePort: bootstrap_register(): failed 1100 (0x44c) 'Permission denied', port = 0x9e3b, name = 'com.apple.tsm.portname'
See /usr/include/servers/bootstrap_defs.h for the error codes.
2017-05-31 21:46:44.232 plugin-container[63596:2982578] *** CFMessagePort: bootstrap_register(): failed 1100 (0x44c) 'Permission denied', port = 0xa103, name = 'com.apple.CFPasteboardClient'
See /usr/include/servers/bootstrap_defs.h for the error codes.
1496238404416	Marionette	INFO	New connections will no longer be accepted
1496238567536	geckodriver	INFO	Listening on 127.0.0.1:59033
1496238568576	mozprofile::profile	INFO	Using profile path /var/folders/df/5vgx9hf97nb5rvrq58v36q_h0000gn/T/rust_mozprofile.wdb5Up9FVL5r
1496238568577	geckodriver::marionette	INFO	Starting browser /Applications/Firefox.app/Contents/MacOS/firefox-bin
1496238568580	geckodriver::marionette	INFO	Connecting to Marionette on localhost:59042
1496238570542	Marionette	INFO	Listening on port 59042
1496238570890	Marionette	WARN	Using deprecated data structure for setting timeouts
1496238571011	Marionette	INFO	New connections will no longer be accepted
2017-05-31 21:49:31.042 plugin-container[63651:2985732] *** CFMessagePort: bootstrap_register(): failed 1100 (0x44c) 'Permission denied', port = 0x9e3b, name = 'com.apple.tsm.portname'
See /usr/include/servers/bootstrap_defs.h for the error codes.
2017-05-31 21:49:31.046 plugin-container[63651:2985732] *** CFMessagePort: bootstrap_register(): failed 1100 (0x44c) 'Permission denied', port = 0xa103, name = 'com.apple.CFPasteboardClient'
See /usr/include/servers/bootstrap_defs.h for the error codes.
[GFX1-]: Receive IPC close with reason=AbnormalShutdown
[Child 63651] WARNING: pipe error: Broken pipe: file /builds/slave/m-rel-m64-00000000000000000000/build/src/ipc/chromium/src/chrome/common/ipc_channel_posix.cc, line 702
[Child 63651] WARNING: pipe error: Broken pipe: file /builds/slave/m-rel-m64-00000000000000000000/build/src/ipc/chromium/src/chrome/common/ipc_channel_posix.cc, line 702
